<?xml version="1.0" encoding="UTF-8"?>
<testsuite xmlns:xsi="http://www.w3.org/2001/XMLSchema-instance" xsi:noNamespaceSchemaLocation="https://maven.apache.org/surefire/maven-surefire-plugin/xsd/surefire-test-report-3.0.xsd" version="3.0" name="test.java.fr.ul.acl.Mazing.TheMazingGame.AppTest" time="2.254" tests="4" errors="0" skipped="0" failures="0">
  <properties>
[...]
</properties>
  <testcase name="testApp" classname="test.java.fr.ul.acl.Mazing.TheMazingGame.AppTest" time="0.003"/>
  <testcase name="testGameOver" classname="test.java.fr.ul.acl.Mazing.TheMazingGame.AppTest" time="0.0"/>
  <testcase name="testSpawn" classname="test.java.fr.ul.acl.Mazing.TheMazingGame.AppTest" time="0.374"/>
  <testcase name="testInitClasses" classname="test.java.fr.ul.acl.Mazing.TheMazingGame.AppTest" time="1.856"/>
</testsuite>